<?xml version="1.0" encoding="UTF-8"?>
<testsuite name="fr.iutinfo.skeleton.api.ProfileResourceTest" time="0.963" tests="2" errors="1" skipped="0" failures="0">
  <properties>
    <property name="java.runtime.name" value="Java(TM) SE Runtime Environment"/>
    <property name="sun.boot.library.path" value="/usr/lib/jvm/jdk-8-oracle-x64/jre/lib/amd64"/>
    <property name="java.vm.version" value="25.71-b15"/>
    <property name="java.vm.vendor" value="Oracle Corporation"/>
    <property name="maven.multiModuleProjectDirectory" value="/home/infoetu/mattanag/git/agile_serveur/serveur_REST"/>
    <property name="java.vendor.url" value="http://java.oracle.com/"/>
    <property name="path.separator" value=":"/>
    <property name="guice.disable.misplaced.annotation.check" value="true"/>
    <property name="java.vm.name" value="Java HotSpot(TM) 64-Bit Server VM"/>
    <property name="file.encoding.pkg" value="sun.io"/>
    <property name="user.country" value="FR"/>
    <property name="sun.java.launcher" value="SUN_STANDARD"/>
    <property name="sun.os.patch.level" value="unknown"/>
    <property name="java.vm.specification.name" value="Java Virtual Machine Specification"/>
    <property name="user.dir" value="/home/infoetu/mattanag/git/agile_serveur/serveur_REST"/>
    <property name="java.runtime.version" value="1.8.0_71-b15"/>
    <property name="java.awt.graphicsenv" value="sun.awt.X11GraphicsEnvironment"/>
    <property name="java.endorsed.dirs" value="/usr/lib/jvm/jdk-8-oracle-x64/jre/lib/endorsed"/>
    <property name="os.arch" value="amd64"/>
    <property name="java.io.tmpdir" value="/tmp"/>
    <property name="line.separator" value="&#10;"/>
    <property name="java.vm.specification.vendor" value="Oracle Corporation"/>
    <property name="os.name" value="Linux"/>
    <property name="classworlds.conf" value="/usr/share/maven/bin/m2.conf"/>
    <property name="sun.jnu.encoding" value="UTF-8"/>
    <property name="java.library.path" value="/usr/java/packages/lib/amd64:/usr/lib64:/lib64:/lib:/usr/lib"/>
    <property name="java.specification.name" value="Java Platform API Specification"/>
    <property name="java.class.version" value="52.0"/>
    <property name="sun.management.compiler" value="HotSpot 64-Bit Tiered Compilers"/>
    <property name="os.version" value="4.9.0-5-amd64"/>
    <property name="user.home" value="/home/infoetu/mattanag"/>
    <property name="user.timezone" value="Europe/Paris"/>
    <property name="java.awt.printerjob" value="sun.print.PSPrinterJob"/>
    <property name="file.encoding" value="UTF-8"/>
    <property name="java.specification.version" value="1.8"/>
    <property name="user.name" value="mattanag"/>
    <property name="java.class.path" value="/usr/share/maven/boot/plexus-classworlds-2.x.jar"/>
    <property name="java.vm.specification.version" value="1.8"/>
    <property name="sun.arch.data.model" value="64"/>
    <property name="java.home" value="/usr/lib/jvm/jdk-8-oracle-x64/jre"/>
    <property name="sun.java.command" value="org.codehaus.plexus.classworlds.launcher.Launcher install"/>
    <property name="java.specification.vendor" value="Oracle Corporation"/>
    <property name="user.language" value="fr"/>
    <property name="awt.toolkit" value="sun.awt.X11.XToolkit"/>
    <property name="java.vm.info" value="mixed mode"/>
    <property name="java.version" value="1.8.0_71"/>
    <property name="java.ext.dirs" value="/usr/lib/jvm/jdk-8-oracle-x64/jre/lib/ext:/usr/java/packages/lib/ext"/>
    <property name="securerandom.source" value="file:/dev/./urandom"/>
    <property name="sun.boot.class.path" value="/usr/lib/jvm/jdk-8-oracle-x64/jre/lib/resources.jar:/usr/lib/jvm/jdk-8-oracle-x64/jre/lib/rt.jar:/usr/lib/jvm/jdk-8-oracle-x64/jre/lib/sunrsasign.jar:/usr/lib/jvm/jdk-8-oracle-x64/jre/lib/jsse.jar:/usr/lib/jvm/jdk-8-oracle-x64/jre/lib/jce.jar:/usr/lib/jvm/jdk-8-oracle-x64/jre/lib/charsets.jar:/usr/lib/jvm/jdk-8-oracle-x64/jre/lib/jfr.jar:/usr/lib/jvm/jdk-8-oracle-x64/jre/classes"/>
    <property name="java.vendor" value="Oracle Corporation"/>
    <property name="maven.home" value="/usr/share/maven"/>
    <property name="file.separator" value="/"/>
    <property name="java.vendor.url.bug" value="http://bugreport.sun.com/bugreport/"/>
    <property name="sun.cpu.endian" value="little"/>
    <property name="sun.io.unicode.encoding" value="UnicodeLittle"/>
    <property name="sun.cpu.isalist" value=""/>
  </properties>
  <testcase name="should_return_forbiden_status_for_bad_user" classname="fr.iutinfo.skeleton.api.ProfileResourceTest" time="0.755">
    <error message="Unable to execute, no named parameter matches &quot;email&quot; and no positional param for place 2 (which is 3 in the JDBC &apos;start at 1&apos; scheme) has been set. [statement:&quot;insert into users (name,alias,email, passwdHash, salt, search) values (:name, :alias, :email, :passwdHash, :salt, :search)&quot;, located:&quot;insert into users (name,alias,email, passwdHash, salt, search) values (:name, :alias, :email, :passwdHash, :salt, :search)&quot;, rewritten:&quot;insert into users (name,alias,email, passwdHash, salt, search) values (?, ?, ?, ?, ?, ?)&quot;, arguments:{ positional:{}, named:{fname:&apos;null&apos;,lname:&apos;null&apos;,password:&apos;motdepasse&apos;,search:&apos;tclavier null&apos;,salt:&apos;graindesel&apos;,inUserGroup:true,name:&apos;tclavier&apos;,alias:&apos;null&apos;,anonymous:false,id:0,passwdHash:&apos;84edb3f1dcfbb6812672f56489433f374612054bed48890a54ab07a64dccaa6f&apos;,class:class fr.iutinfo.skeleton.api.User}, finder:[]}]" type="org.skife.jdbi.v2.exceptions.UnableToExecuteStatementException"><![CDATA[org.skife.jdbi.v2.exceptions.UnableToExecuteStatementException: Unable to execute, no named parameter matches "email" and no positional param for place 2 (which is 3 in the JDBC 'start at 1' scheme) has been set. [statement:"insert into users (name,alias,email, passwdHash, salt, search) values (:name, :alias, :email, :passwdHash, :salt, :search)", located:"insert into users (name,alias,email, passwdHash, salt, search) values (:name, :alias, :email, :passwdHash, :salt, :search)", rewritten:"insert into users (name,alias,email, passwdHash, salt, search) values (?, ?, ?, ?, ?, ?)", arguments:{ positional:{}, named:{fname:'null',lname:'null',password:'motdepasse',search:'tclavier null',salt:'graindesel',inUserGroup:true,name:'tclavier',alias:'null',anonymous:false,id:0,passwdHash:'84edb3f1dcfbb6812672f56489433f374612054bed48890a54ab07a64dccaa6f',class:class fr.iutinfo.skeleton.api.User}, finder:[]}]
	at org.skife.jdbi.v2.ColonPrefixNamedParamStatementRewriter$MyRewrittenStatement.bind(ColonPrefixNamedParamStatementRewriter.java:156)
	at org.skife.jdbi.v2.SQLStatement.internalExecute(SQLStatement.java:1318)
	at org.skife.jdbi.v2.Update.executeAndReturnGeneratedKeys(Update.java:77)
	at org.skife.jdbi.v2.sqlobject.UpdateHandler$1.value(UpdateHandler.java:50)
	at org.skife.jdbi.v2.sqlobject.UpdateHandler.invoke(UpdateHandler.java:72)
	at org.skife.jdbi.v2.sqlobject.SqlObject.invoke(SqlObject.java:175)
	at org.skife.jdbi.v2.sqlobject.SqlObject$1.intercept(SqlObject.java:75)
	at org.skife.jdbi.v2.sqlobject.CloseInternalDoNotUseThisClass$$EnhancerByCGLIB$$c69fac30.insert(<generated>)
	at fr.iutinfo.skeleton.api.Helper.createUser(Helper.java:41)
	at fr.iutinfo.skeleton.api.Helper.createUserWithPassword(Helper.java:37)
	at fr.iutinfo.skeleton.api.ProfileResourceTest.should_return_forbiden_status_for_bad_user(ProfileResourceTest.java:40)
]]></error>
    <system-out><![CDATA[16:39:17,703 |-INFO in ch.qos.logback.classic.LoggerContext[default] - Could NOT find resource [logback.groovy]
16:39:17,704 |-INFO in ch.qos.logback.classic.LoggerContext[default] - Could NOT find resource [logback-test.xml]
16:39:17,704 |-INFO in ch.qos.logback.classic.LoggerContext[default] - Found resource [logback.xml] at [file:/home/infoetu/mattanag/git/agile_serveur/serveur_REST/server/target/classes/logback.xml]
16:39:17,740 |-INFO in ch.qos.logback.classic.joran.action.ConfigurationAction - debug attribute not set
16:39:17,746 |-INFO in ch.qos.logback.core.joran.action.AppenderAction - About to instantiate appender of type [ch.qos.logback.core.ConsoleAppender]
16:39:17,753 |-INFO in ch.qos.logback.core.joran.action.AppenderAction - Naming appender as [STDOUT]
16:39:17,774 |-WARN in ch.qos.logback.core.ConsoleAppender[STDOUT] - This appender no longer admits a layout as a sub-component, set an encoder instead.
16:39:17,774 |-WARN in ch.qos.logback.core.ConsoleAppender[STDOUT] - To ensure compatibility, wrapping your layout in LayoutWrappingEncoder.
16:39:17,774 |-WARN in ch.qos.logback.core.ConsoleAppender[STDOUT] - See also http://logback.qos.ch/codes.html#layoutInsteadOfEncoder for details
16:39:17,774 |-INFO in ch.qos.logback.classic.joran.action.RootLoggerAction - Setting level of ROOT logger to INFO
16:39:17,774 |-INFO in ch.qos.logback.core.joran.action.AppenderRefAction - Attaching appender named [STDOUT] to Logger[ROOT]
16:39:17,775 |-INFO in ch.qos.logback.classic.joran.action.LoggerAction - Setting level of logger [fr.iutinfo.skeleton] to DEBUG
16:39:17,775 |-INFO in ch.qos.logback.classic.joran.action.ConfigurationAction - End of configuration.
16:39:17,775 |-INFO in ch.qos.logback.classic.joran.JoranConfigurator@1ca3b418 - Registering current configuration as safe fallback point

16:39:17.957 [main] DEBUG fr.iutinfo.skeleton.api.BDDFactory - user.dir : /home/infoetu/mattanag/git/agile_serveur/serveur_REST/server
16:39:17.958 [main] DEBUG fr.iutinfo.skeleton.api.BDDFactory - java.io.tmpdir : /tmp
16:39:18.119 [main] DEBUG fr.iutinfo.skeleton.api.Helper - createUserWithPassword Hash : 84edb3f1dcfbb6812672f56489433f374612054bed48890a54ab07a64dccaa6f
]]></system-out>
    <system-err><![CDATA[mars 21, 2018 4:39:17 PM org.glassfish.jersey.test.simple.SimpleTestContainerFactory$SimpleTestContainer <init>
INFOS: Creating SimpleTestContainer configured at the base URI http://localhost:9998/
]]></system-err>
  </testcase>
  <testcase name="should_return_forbiden_headers_without_authorization_header" classname="fr.iutinfo.skeleton.api.ProfileResourceTest" time="0.208"/>
</testsuite>